Arguments: 
  C:\Program Files\nodejs\node.exe C:\Users\gedonik\AppData\Roaming\npm\node_modules\yarn\bin\yarn.js add choices.js

PATH: 
  C:\Program Files\Git\mingw64\bin;C:\Program Files\Git\usr\bin;C:\Users\gedonik\bin;C:\Python39\Scripts;C:\Python39;C:\Windows\system32;C:\Windows;C:\Windows\System32\Wbem;C:\Windows\System32\WindowsPowerShell\v1.0;C:\Windows\System32\OpenSSH;C:\Program Files (x86)\Intel\Intel(R) Management Engine Components\DAL;C:\Program Files\Intel\Intel(R) Management Engine Components\DAL;C:\Program Files\NVIDIA Corporation\NVIDIA NvDLISR;C:\Program Files (x86)\NVIDIA Corporation\PhysX\Common;C:\ProgramData\chocolatey\bin;C:\Program Files\Git\cmd;C:\Program Files\nodejs;C:\Users\gedonik\AppData\Local\Microsoft\WindowsApps;C:\Users\gedonik\AppData\Local\Programs\Microsoft VS Code\bin;C:\Users\gedonik\AppData\Roaming\npm

Yarn version: 
  1.22.15

Node version: 
  14.18.0

Platform: 
  win32 x64

Trace: 
  Error: EPERM: operation not permitted, unlink 'C:\Users\gedonik\Desktop\portfolio\ProfiSport\node_modules\node-sass\vendor\win32-x64-83\binding.node'

npm manifest: 
  {
    "name": "start_gulp",
    "version": "1.0.0",
    "description": "",
    "main": "index.js",
    "scripts": {
      "test": "echo \"Error: no test specified\" && exit 1"
    },
    "author": "gedonik",
    "license": "ISC",
    "devDependencies": {
      "browser-sync": "^2.26.14",
      "del": "^6.0.0",
      "gulp": "^4.0.2",
      "gulp-autoprefixer": "^7.0.1",
      "gulp-concat": "^2.6.1",
      "gulp-file-include": "^2.3.0",
      "gulp-imagemin": "^7.1.0",
      "gulp-sass": "^4.1.0",
      "gulp-svg-sprite": "^1.5.0",
      "gulp-uglify": "^3.0.2",
      "jquery": "^3.6.0"
    },
    "dependencies": {
      "slick-carousel": "^1.8.1",
      "swiper": "^7.0.8"
    }
  }

yarn manifest: 
  No manifest

Lockfile: 
  No lockfile
